c:\users\vaxiz\desktop\codebase\git\handswarmer\handswarmer\x64\debug\vc143.pdb
c:\users\vaxiz\desktop\codebase\git\handswarmer\handswarmer\x64\debug\vc143.idb
c:\users\vaxiz\desktop\codebase\git\handswarmer\handswarmer\x64\debug\weapon.obj
c:\users\vaxiz\desktop\codebase\git\handswarmer\handswarmer\x64\debug\texturemanager.obj
c:\users\vaxiz\desktop\codebase\git\handswarmer\handswarmer\x64\debug\shooting.obj
c:\users\vaxiz\desktop\codebase\git\handswarmer\handswarmer\x64\debug\player.obj
c:\users\vaxiz\desktop\codebase\git\handswarmer\handswarmer\x64\debug\mousepositiondisplay.obj
c:\users\vaxiz\desktop\codebase\git\handswarmer\handswarmer\x64\debug\mechtrooper.obj
c:\users\vaxiz\desktop\codebase\git\handswarmer\handswarmer\x64\debug\log.obj
c:\users\vaxiz\desktop\codebase\git\handswarmer\handswarmer\x64\debug\level.obj
c:\users\vaxiz\desktop\codebase\git\handswarmer\handswarmer\x64\debug\handswarmer.obj
c:\users\vaxiz\desktop\codebase\git\handswarmer\handswarmer\x64\debug\game.obj
c:\users\vaxiz\desktop\codebase\git\handswarmer\handswarmer\x64\debug\enemy.obj
c:\users\vaxiz\desktop\codebase\git\handswarmer\handswarmer\x64\debug\shootingplayer.obj
c:\users\vaxiz\desktop\codebase\git\handswarmer\handswarmer\x64\debug\shootingenemy.obj
e:\github repos\handswarmer\x64\debug\sfml-graphics-d-2.dll
e:\github repos\handswarmer\x64\debug\sfml-window-d-2.dll
e:\github repos\handswarmer\x64\debug\sfml-system-d-2.dll
c:\users\vaxiz\desktop\codebase\git\handswarmer\x64\debug\sfml-graphics-d-2.dll
c:\users\vaxiz\desktop\codebase\git\handswarmer\x64\debug\sfml-window-d-2.dll
c:\users\vaxiz\desktop\codebase\git\handswarmer\x64\debug\sfml-system-d-2.dll
c:\users\vaxiz\desktop\codebase\git\handswarmer\x64\debug\handswarmer.pdb
c:\users\vaxiz\desktop\codebase\git\handswarmer\handswarmer\x64\debug\handswarmer.tlog\cl.command.1.tlog
c:\users\vaxiz\desktop\codebase\git\handswarmer\handswarmer\x64\debug\handswarmer.tlog\cl.items.tlog
c:\users\vaxiz\desktop\codebase\git\handswarmer\handswarmer\x64\debug\handswarmer.tlog\cl.read.1.tlog
c:\users\vaxiz\desktop\codebase\git\handswarmer\handswarmer\x64\debug\handswarmer.tlog\cl.write.1.tlog
c:\users\vaxiz\desktop\codebase\git\handswarmer\handswarmer\x64\debug\handswarmer.tlog\handswarmer.write.1u.tlog
c:\users\vaxiz\desktop\codebase\git\handswarmer\handswarmer\x64\debug\handswarmer.tlog\link-cvtres.read.1.tlog
c:\users\vaxiz\desktop\codebase\git\handswarmer\handswarmer\x64\debug\handswarmer.tlog\link-cvtres.write.1.tlog
c:\users\vaxiz\desktop\codebase\git\handswarmer\handswarmer\x64\debug\handswarmer.tlog\link-rc.read.1.tlog
c:\users\vaxiz\desktop\codebase\git\handswarmer\handswarmer\x64\debug\handswarmer.tlog\link-rc.write.1.tlog
c:\users\vaxiz\desktop\codebase\git\handswarmer\handswarmer\x64\debug\handswarmer.tlog\link.15896-cvtres.read.1.tlog
c:\users\vaxiz\desktop\codebase\git\handswarmer\handswarmer\x64\debug\handswarmer.tlog\link.15896-cvtres.write.1.tlog
c:\users\vaxiz\desktop\codebase\git\handswarmer\handswarmer\x64\debug\handswarmer.tlog\link.15896-rc.read.1.tlog
c:\users\vaxiz\desktop\codebase\git\handswarmer\handswarmer\x64\debug\handswarmer.tlog\link.15896-rc.write.1.tlog
c:\users\vaxiz\desktop\codebase\git\handswarmer\handswarmer\x64\debug\handswarmer.tlog\link.15896.read.1.tlog
c:\users\vaxiz\desktop\codebase\git\handswarmer\handswarmer\x64\debug\handswarmer.tlog\link.15896.read.2.tlog
c:\users\vaxiz\desktop\codebase\git\handswarmer\handswarmer\x64\debug\handswarmer.tlog\link.15896.write.1.tlog
c:\users\vaxiz\desktop\codebase\git\handswarmer\handswarmer\x64\debug\handswarmer.tlog\link.command.1.tlog
c:\users\vaxiz\desktop\codebase\git\handswarmer\handswarmer\x64\debug\handswarmer.tlog\link.read.1.tlog
c:\users\vaxiz\desktop\codebase\git\handswarmer\handswarmer\x64\debug\handswarmer.tlog\link.read.2.tlog
c:\users\vaxiz\desktop\codebase\git\handswarmer\handswarmer\x64\debug\handswarmer.tlog\link.write.1.tlog
